<?xml version="1.0" encoding="UTF-8"?>
<!-- Generated by org.testng.reporters.JUnitReportReporter -->
<testsuite hostname="DESKTOP-FCTU9GN" failures="0" tests="2" name="Tasks.Assessment" time="12.401" errors="0" timestamp="2021-10-28T08:30:00 IST" skipped="0">
  <testcase classname="Tasks.Assessment" name="Task2" time="8.063"/>
  <system-out/>
  <testcase classname="Tasks.Assessment" name="Task1" time="4.338"/>
  <system-out/>
</testsuite> <!-- Tasks.Assessment -->
