<?xml version="1.0" encoding="UTF-8"?>
<!-- Generated by org.testng.reporters.JUnitReportReporter -->
<testsuite hostname="DESKTOP-FCTU9GN" failures="0" tests="2" name="Tasks.Assessment" time="13.833" errors="0" timestamp="2021-10-28T09:35:56 IST" skipped="0">
  <testcase classname="Tasks.Assessment" name="Task1" time="4.570"/>
  <system-out/>
  <testcase classname="Tasks.Assessment" name="Task2" time="9.263"/>
  <system-out/>
</testsuite> <!-- Tasks.Assessment -->
