<?xml version="1.0" encoding="UTF-8"?>
<!-- Generated by org.testng.reporters.JUnitReportReporter -->
<testsuite hostname="DESKTOP-FCTU9GN" failures="0" tests="2" name="Tasks.Assessment" time="12.552" errors="0" timestamp="2021-10-28T08:33:07 IST" skipped="0">
  <testcase classname="Tasks.Assessment" name="Task1" time="5.842"/>
  <system-out/>
  <testcase classname="Tasks.Assessment" name="Task2" time="6.710"/>
  <system-out/>
</testsuite> <!-- Tasks.Assessment -->
